2024-03-06T08:31:56.584960Z	   57 Query	select AVG(hour_rate) as avg_hourly_rate
from hours
2024-03-06T08:33:13.785127Z	   57 Query	select AVG(attract_age) as avergae_attraction_age
from attraction
where park_code='UK3452'
2024-03-06T08:34:01.297835Z	   58 Connect	root@localhost on  using TCP/IP
2024-03-06T08:34:01.298382Z	   58 Query	SELECT @@version, @@version_comment
2024-03-06T08:34:01.299636Z	   58 Query	SET NAMES 'utf8mb4' COLLATE 'utf8mb4_general_ci'
2024-03-06T08:34:01.300056Z	   58 Query	SET lc_messages = 'en_US'
2024-03-06T08:34:01.318644Z	   59 Connect	root@localhost on  using TCP/IP
2024-03-06T08:34:01.324809Z	   59 Query	SHOW TABLES FROM `phpmyadmin`
2024-03-06T08:34:01.325795Z	   59 Query	SHOW TABLES FROM `themepark`
2024-03-06T08:34:01.334654Z	   58 Query	SET collation_connection = 'utf8mb4_unicode_ci'
2024-03-06T08:34:01.335287Z	   59 Query	SHOW TABLES FROM `phpmyadmin`
2024-03-06T08:34:01.335900Z	   59 Query	SHOW TABLES FROM `themepark`
2024-03-06T08:34:01.389968Z	   58 Query	SHOW TABLES FROM `themepark`
2024-03-06T08:34:01.393700Z	   58 Query	SELECT 1 FROM mysql.user LIMIT 1
2024-03-06T08:34:01.394635Z	   58 Query	SELECT CURRENT_USER()
2024-03-06T08:34:01.395866Z	   58 Query	SELECT 1 FROM (SELECT `GRANTEE`, `IS_GRANTABLE` FROM `INFORMATION_SCHEMA`.`COLUMN_PRIVILEGES` UNION SELECT `GRANTEE`, `IS_GRANTABLE` FROM `INFORMATION_SCHEMA`.`TABLE_PRIVILEGES` UNION SELECT `GRANTEE`, `IS_GRANTABLE` FROM `INFORMATION_SCHEMA`.`SCHEMA_PRIVILEGES` UNION SELECT `GRANTEE`, `IS_GRANTABLE` FROM `INFORMATION_SCHEMA`.`USER_PRIVILEGES`) t WHERE `IS_GRANTABLE` = 'YES' AND '''root''@''localhost''' LIKE `GRANTEE` LIMIT 1
2024-03-06T08:34:01.397959Z	   58 Query	SELECT `PRIVILEGE_TYPE` FROM `INFORMATION_SCHEMA`.`USER_PRIVILEGES` WHERE GRANTEE='''root''@''localhost''' AND PRIVILEGE_TYPE='EVENT'
2024-03-06T08:34:01.399318Z	   58 Query	SELECT `PRIVILEGE_TYPE` FROM `INFORMATION_SCHEMA`.`USER_PRIVILEGES` WHERE GRANTEE='''root''@''localhost''' AND PRIVILEGE_TYPE='TRIGGER'
2024-03-06T08:34:01.405390Z	   59 Quit	
2024-03-06T08:34:01.405439Z	   58 Quit	
2024-03-06T08:34:42.168293Z	   57 Query	select emp_num,SUM(hours_per_attract) as total_hours
from hours
group by emp_num
2024-03-06T08:35:50.638603Z	   57 Query	select attract_no, min(hour_rate),max(hour_rate)
from hours
group by attract_no
2024-03-06T08:37:27.950132Z	   57 Query	select emp_num, attract_no, AVG(hours_per_attract)
from hours
group by emp_num, attract_no
having AVG(hour_per_attract)>=5
2024-03-06T08:37:41.312088Z	   60 Connect	root@localhost on  using TCP/IP
2024-03-06T08:37:41.312620Z	   60 Query	SELECT @@version, @@version_comment
2024-03-06T08:37:41.314081Z	   60 Query	SET NAMES 'utf8mb4' COLLATE 'utf8mb4_general_ci'
2024-03-06T08:37:41.314704Z	   60 Query	SET lc_messages = 'en_US'
2024-03-06T08:37:41.320700Z	   61 Connect	root@localhost on  using TCP/IP
2024-03-06T08:37:41.326828Z	   61 Query	SHOW TABLES FROM `phpmyadmin`
2024-03-06T08:37:41.327831Z	   61 Query	SHOW TABLES FROM `themepark`
2024-03-06T08:37:41.337720Z	   60 Query	SET collation_connection = 'utf8mb4_unicode_ci'
2024-03-06T08:37:41.338335Z	   61 Query	SHOW TABLES FROM `phpmyadmin`
2024-03-06T08:37:41.338961Z	   61 Query	SHOW TABLES FROM `themepark`
2024-03-06T08:37:41.345492Z	   60 Query	SELECT CURRENT_USER()
2024-03-06T08:37:41.388515Z	   60 Query	SELECT 1 FROM mysql.user LIMIT 1
2024-03-06T08:37:41.390415Z	   60 Query	SHOW SESSION VARIABLES LIKE 'FOREIGN_KEY_CHECKS'
2024-03-06T08:37:41.398639Z	   60 Query	SELECT DATABASE()
2024-03-06T08:37:41.399899Z	   60 Init DB	themepark
2024-03-06T08:37:41.400736Z	   60 Query	SELECT * FROM `attraction` LIMIT 0, 25
2024-03-06T08:37:41.415379Z	   60 Query	SHOW WARNINGS
2024-03-06T08:37:41.417014Z	   60 Query	SELECT @@lower_case_table_names
2024-03-06T08:37:41.418398Z	   60 Query	SELECT TABLE_NAME FROM information_schema.VIEWS WHERE TABLE_SCHEMA = 'themepark' AND TABLE_NAME = 'attraction' AND IS_UPDATABLE = 'YES'
2024-03-06T08:37:41.421129Z	   60 Query	SHOW  COLUMNS FROM `themepark`.`attraction`
2024-03-06T08:37:41.424684Z	   60 Query	SHOW INDEXES FROM `themepark`.`attraction`
2024-03-06T08:37:41.428493Z	   60 Query	SELECT TABLE_NAME FROM information_schema.VIEWS WHERE TABLE_SCHEMA = 'themepark' AND TABLE_NAME = 'attraction'
2024-03-06T08:37:41.433135Z	   60 Query	SHOW CREATE TABLE `themepark`.`attraction`
2024-03-06T08:37:41.440738Z	   60 Query	SELECT TABLE_NAME FROM information_schema.VIEWS WHERE TABLE_SCHEMA = 'themepark' AND TABLE_NAME = 'attraction'
2024-03-06T08:37:41.443302Z	   60 Query	SELECT TABLE_NAME FROM information_schema.VIEWS WHERE TABLE_SCHEMA = 'themepark' AND TABLE_NAME = 'attraction'
2024-03-06T08:37:41.444954Z	   60 Query	SELECT TABLE_NAME FROM information_schema.VIEWS WHERE TABLE_SCHEMA = 'themepark' AND TABLE_NAME = 'attraction'
2024-03-06T08:37:41.446654Z	   60 Query	SELECT *, `TABLE_SCHEMA`       AS `Db`, `TABLE_NAME`         AS `Name`, `TABLE_TYPE`         AS `TABLE_TYPE`, `ENGINE`             AS `Engine`, `ENGINE`             AS `Type`, `VERSION`            AS `Version`, `ROW_FORMAT`         AS `Row_format`, `TABLE_ROWS`         AS `Rows`, `AVG_ROW_LENGTH`     AS `Avg_row_length`, `DATA_LENGTH`        AS `Data_length`, `MAX_DATA_LENGTH`    AS `Max_data_length`, `INDEX_LENGTH`       AS `Index_length`, `DATA_FREE`          AS `Data_free`, `AUTO_INCREMENT`     AS `Auto_increment`, `CREATE_TIME`        AS `Create_time`, `UPDATE_TIME`        AS `Update_time`, `CHECK_TIME`         AS `Check_time`, `TABLE_COLLATION`    AS `Collation`, `CHECKSUM`           AS `Checksum`, `CREATE_OPTIONS`     AS `Create_options`, `TABLE_COMMENT`      AS `Comment` FROM `information_schema`.`TABLES` t WHERE `TABLE_SCHEMA`  IN ('themepark') AND t.`TABLE_NAME`  = 'attraction' ORDER BY Name ASC
2024-03-06T08:37:41.449401Z	   60 Query	SHOW FULL COLUMNS FROM `themepark`.`attraction`
2024-03-06T08:37:41.517994Z	   60 Query	SHOW SESSION VARIABLES LIKE 'FOREIGN_KEY_CHECKS'
2024-03-06T08:37:41.522551Z	   60 Query	SHOW  COLUMNS FROM `themepark`.`attraction`
2024-03-06T08:37:41.528712Z	   60 Query	SELECT 1 FROM (SELECT `GRANTEE`, `IS_GRANTABLE` FROM `INFORMATION_SCHEMA`.`COLUMN_PRIVILEGES` UNION SELECT `GRANTEE`, `IS_GRANTABLE` FROM `INFORMATION_SCHEMA`.`TABLE_PRIVILEGES` UNION SELECT `GRANTEE`, `IS_GRANTABLE` FROM `INFORMATION_SCHEMA`.`SCHEMA_PRIVILEGES` UNION SELECT `GRANTEE`, `IS_GRANTABLE` FROM `INFORMATION_SCHEMA`.`USER_PRIVILEGES`) t WHERE `IS_GRANTABLE` = 'YES' AND '''root''@''localhost''' LIKE `GRANTEE` LIMIT 1
2024-03-06T08:37:41.530463Z	   60 Query	SELECT `PRIVILEGE_TYPE` FROM `INFORMATION_SCHEMA`.`USER_PRIVILEGES` WHERE GRANTEE='''root''@''localhost''' AND PRIVILEGE_TYPE='TRIGGER'
2024-03-06T08:37:41.537938Z	   61 Quit	
2024-03-06T08:37:41.538124Z	   60 Quit	
2024-03-06T08:37:41.649386Z	   62 Connect	root@localhost on  using TCP/IP
2024-03-06T08:37:41.649816Z	   62 Query	SELECT @@version, @@version_comment
2024-03-06T08:37:41.650253Z	   62 Query	SET NAMES 'utf8mb4' COLLATE 'utf8mb4_general_ci'
2024-03-06T08:37:41.650514Z	   62 Query	SET lc_messages = 'en_US'
2024-03-06T08:37:41.666701Z	   63 Connect	root@localhost on  using TCP/IP
2024-03-06T08:37:41.670393Z	   63 Query	SHOW TABLES FROM `phpmyadmin`
2024-03-06T08:37:41.671853Z	   62 Query	SET collation_connection = 'utf8mb4_unicode_ci'
2024-03-06T08:37:41.672261Z	   63 Query	SHOW TABLES FROM `phpmyadmin`
2024-03-06T08:37:41.675673Z	   62 Query	SELECT 1 FROM mysql.user LIMIT 1
2024-03-06T08:37:41.676423Z	   62 Query	SELECT CURRENT_USER()
2024-03-06T08:37:41.677019Z	   62 Query	SELECT 1 FROM (SELECT `GRANTEE`, `IS_GRANTABLE` FROM `INFORMATION_SCHEMA`.`COLUMN_PRIVILEGES` UNION SELECT `GRANTEE`, `IS_GRANTABLE` FROM `INFORMATION_SCHEMA`.`TABLE_PRIVILEGES` UNION SELECT `GRANTEE`, `IS_GRANTABLE` FROM `INFORMATION_SCHEMA`.`SCHEMA_PRIVILEGES` UNION SELECT `GRANTEE`, `IS_GRANTABLE` FROM `INFORMATION_SCHEMA`.`USER_PRIVILEGES`) t WHERE `IS_GRANTABLE` = 'YES' AND '''root''@''localhost''' LIKE `GRANTEE` LIMIT 1
2024-03-06T08:37:41.681975Z	   63 Quit	
2024-03-06T08:37:41.682105Z	   62 Quit	
2024-03-06T08:37:45.051619Z	   64 Connect	root@localhost on  using TCP/IP
2024-03-06T08:37:45.051955Z	   64 Query	SELECT @@version, @@version_comment
2024-03-06T08:37:45.052822Z	   64 Query	SET NAMES 'utf8mb4' COLLATE 'utf8mb4_general_ci'
2024-03-06T08:37:45.053134Z	   64 Query	SET lc_messages = 'en_US'
2024-03-06T08:37:45.056192Z	   65 Connect	root@localhost on  using TCP/IP
2024-03-06T08:37:45.067932Z	   65 Query	SHOW TABLES FROM `phpmyadmin`
2024-03-06T08:37:45.068808Z	   65 Query	SHOW TABLES FROM `themepark`
2024-03-06T08:37:45.073070Z	   64 Query	SET collation_connection = 'utf8mb4_unicode_ci'
2024-03-06T08:37:45.073614Z	   65 Query	SHOW TABLES FROM `phpmyadmin`
2024-03-06T08:37:45.074103Z	   65 Query	SHOW TABLES FROM `themepark`
2024-03-06T08:37:45.084264Z	   64 Query	SELECT CURRENT_USER()
2024-03-06T08:37:45.111142Z	   64 Query	SELECT 1 FROM mysql.user LIMIT 1
2024-03-06T08:37:45.116254Z	   64 Query	SHOW SESSION VARIABLES LIKE 'FOREIGN_KEY_CHECKS'
2024-03-06T08:37:45.123166Z	   64 Query	SELECT DATABASE()
2024-03-06T08:37:45.124508Z	   64 Init DB	themepark
2024-03-06T08:37:45.125277Z	   64 Query	SELECT * FROM `hours` LIMIT 0, 25
2024-03-06T08:37:45.154776Z	   64 Query	SHOW WARNINGS
2024-03-06T08:37:45.156420Z	   64 Query	SELECT @@lower_case_table_names
2024-03-06T08:37:45.158206Z	   64 Query	SELECT TABLE_NAME FROM information_schema.VIEWS WHERE TABLE_SCHEMA = 'themepark' AND TABLE_NAME = 'hours' AND IS_UPDATABLE = 'YES'
2024-03-06T08:37:45.162089Z	   64 Query	SHOW  COLUMNS FROM `themepark`.`hours`
2024-03-06T08:37:45.168636Z	   64 Query	SHOW INDEXES FROM `themepark`.`hours`
2024-03-06T08:37:45.172157Z	   64 Query	SELECT TABLE_NAME FROM information_schema.VIEWS WHERE TABLE_SCHEMA = 'themepark' AND TABLE_NAME = 'hours'
2024-03-06T08:37:45.176492Z	   64 Query	SHOW CREATE TABLE `themepark`.`hours`
2024-03-06T08:37:45.189406Z	   64 Query	SELECT TABLE_NAME FROM information_schema.VIEWS WHERE TABLE_SCHEMA = 'themepark' AND TABLE_NAME = 'hours'
2024-03-06T08:37:45.192621Z	   64 Query	SELECT TABLE_NAME FROM information_schema.VIEWS WHERE TABLE_SCHEMA = 'themepark' AND TABLE_NAME = 'hours'
2024-03-06T08:37:45.197478Z	   64 Query	SELECT TABLE_NAME FROM information_schema.VIEWS WHERE TABLE_SCHEMA = 'themepark' AND TABLE_NAME = 'hours'
2024-03-06T08:37:45.202081Z	   64 Query	SELECT *, `TABLE_SCHEMA`       AS `Db`, `TABLE_NAME`         AS `Name`, `TABLE_TYPE`         AS `TABLE_TYPE`, `ENGINE`             AS `Engine`, `ENGINE`             AS `Type`, `VERSION`            AS `Version`, `ROW_FORMAT`         AS `Row_format`, `TABLE_ROWS`         AS `Rows`, `AVG_ROW_LENGTH`     AS `Avg_row_length`, `DATA_LENGTH`        AS `Data_length`, `MAX_DATA_LENGTH`    AS `Max_data_length`, `INDEX_LENGTH`       AS `Index_length`, `DATA_FREE`          AS `Data_free`, `AUTO_INCREMENT`     AS `Auto_increment`, `CREATE_TIME`        AS `Create_time`, `UPDATE_TIME`        AS `Update_time`, `CHECK_TIME`         AS `Check_time`, `TABLE_COLLATION`    AS `Collation`, `CHECKSUM`           AS `Checksum`, `CREATE_OPTIONS`     AS `Create_options`, `TABLE_COMMENT`      AS `Comment` FROM `information_schema`.`TABLES` t WHERE `TABLE_SCHEMA`  IN ('themepark') AND t.`TABLE_NAME`  = 'hours' ORDER BY Name ASC
2024-03-06T08:37:45.205505Z	   64 Query	SHOW FULL COLUMNS FROM `themepark`.`hours`
2024-03-06T08:37:45.305628Z	   64 Query	SHOW SESSION VARIABLES LIKE 'FOREIGN_KEY_CHECKS'
2024-03-06T08:37:45.309038Z	   64 Query	SHOW  COLUMNS FROM `themepark`.`hours`
2024-03-06T08:37:45.318219Z	   64 Query	SELECT 1 FROM (SELECT `GRANTEE`, `IS_GRANTABLE` FROM `INFORMATION_SCHEMA`.`COLUMN_PRIVILEGES` UNION SELECT `GRANTEE`, `IS_GRANTABLE` FROM `INFORMATION_SCHEMA`.`TABLE_PRIVILEGES` UNION SELECT `GRANTEE`, `IS_GRANTABLE` FROM `INFORMATION_SCHEMA`.`SCHEMA_PRIVILEGES` UNION SELECT `GRANTEE`, `IS_GRANTABLE` FROM `INFORMATION_SCHEMA`.`USER_PRIVILEGES`) t WHERE `IS_GRANTABLE` = 'YES' AND '''root''@''localhost''' LIKE `GRANTEE` LIMIT 1
2024-03-06T08:37:45.320400Z	   64 Query	SELECT `PRIVILEGE_TYPE` FROM `INFORMATION_SCHEMA`.`USER_PRIVILEGES` WHERE GRANTEE='''root''@''localhost''' AND PRIVILEGE_TYPE='TRIGGER'
2024-03-06T08:37:45.326780Z	   65 Quit	
2024-03-06T08:37:45.327443Z	   64 Quit	
2024-03-06T08:37:45.501273Z	   66 Connect	root@localhost on  using TCP/IP
2024-03-06T08:37:45.501609Z	   66 Query	SELECT @@version, @@version_comment
2024-03-06T08:37:45.502035Z	   66 Query	SET NAMES 'utf8mb4' COLLATE 'utf8mb4_general_ci'
2024-03-06T08:37:45.502267Z	   66 Query	SET lc_messages = 'en_US'
2024-03-06T08:37:45.505392Z	   67 Connect	root@localhost on  using TCP/IP
2024-03-06T08:37:45.508977Z	   67 Query	SHOW TABLES FROM `phpmyadmin`
2024-03-06T08:37:45.510945Z	   66 Query	SET collation_connection = 'utf8mb4_unicode_ci'
2024-03-06T08:37:45.511488Z	   67 Query	SHOW TABLES FROM `phpmyadmin`
2024-03-06T08:37:45.514928Z	   66 Query	SELECT 1 FROM mysql.user LIMIT 1
2024-03-06T08:37:45.515625Z	   66 Query	SELECT CURRENT_USER()
2024-03-06T08:37:45.516290Z	   66 Query	SELECT 1 FROM (SELECT `GRANTEE`, `IS_GRANTABLE` FROM `INFORMATION_SCHEMA`.`COLUMN_PRIVILEGES` UNION SELECT `GRANTEE`, `IS_GRANTABLE` FROM `INFORMATION_SCHEMA`.`TABLE_PRIVILEGES` UNION SELECT `GRANTEE`, `IS_GRANTABLE` FROM `INFORMATION_SCHEMA`.`SCHEMA_PRIVILEGES` UNION SELECT `GRANTEE`, `IS_GRANTABLE` FROM `INFORMATION_SCHEMA`.`USER_PRIVILEGES`) t WHERE `IS_GRANTABLE` = 'YES' AND '''root''@''localhost''' LIKE `GRANTEE` LIMIT 1
2024-03-06T08:37:45.519991Z	   67 Quit	
2024-03-06T08:37:45.520092Z	   66 Quit	
2024-03-06T08:38:36.695476Z	   57 Query	select emp_num, attract_no, AVG(hours_per_attract)
from hours
group by emp_num, attract_no
 having AVG(hours_per_attract)>=5
2024-03-06T08:40:17.121109Z	   57 Query	select count(*) as row_count
 from employee
cross join hours
2024-03-06T08:45:22.036773Z	   57 Query	select e.emp_fname, e.emp_lname, h.attract_no, h.date_worked
 from employee e
join hours h on e.emp_num= h.emp_num
2024-03-06T08:48:50.857656Z	   57 Query	select e.emp_fname, e.emp_lname, a.attract_name, h.attract_no, h.date_worked
from employee e 
join hours h ON e.emp_num = h.emp_num
join attraction ON h.attract_no = a.attract_no
2024-03-06T08:49:02.545527Z	   68 Connect	root@localhost on  using TCP/IP
2024-03-06T08:49:02.546010Z	   68 Query	SELECT @@version, @@version_comment
2024-03-06T08:49:02.547617Z	   68 Query	SET NAMES 'utf8mb4' COLLATE 'utf8mb4_general_ci'
2024-03-06T08:49:02.547895Z	   68 Query	SET lc_messages = 'en_US'
2024-03-06T08:49:02.552570Z	   69 Connect	root@localhost on  using TCP/IP
2024-03-06T08:49:02.558109Z	   69 Query	SHOW TABLES FROM `phpmyadmin`
2024-03-06T08:49:02.558750Z	   69 Query	SHOW TABLES FROM `themepark`
2024-03-06T08:49:02.569398Z	   68 Query	SET collation_connection = 'utf8mb4_unicode_ci'
2024-03-06T08:49:02.570291Z	   69 Query	SHOW TABLES FROM `phpmyadmin`
2024-03-06T08:49:02.570820Z	   69 Query	SHOW TABLES FROM `themepark`
2024-03-06T08:49:02.578014Z	   68 Query	SELECT CURRENT_USER()
2024-03-06T08:49:02.621757Z	   68 Query	SELECT 1 FROM mysql.user LIMIT 1
2024-03-06T08:49:02.623587Z	   68 Query	SHOW SESSION VARIABLES LIKE 'FOREIGN_KEY_CHECKS'
2024-03-06T08:49:02.632036Z	   68 Query	SELECT DATABASE()
2024-03-06T08:49:02.633292Z	   68 Init DB	themepark
2024-03-06T08:49:02.633953Z	   68 Query	SELECT * FROM `attraction` LIMIT 0, 25
2024-03-06T08:49:02.647072Z	   68 Query	SHOW WARNINGS
2024-03-06T08:49:02.648982Z	   68 Query	SELECT @@lower_case_table_names
2024-03-06T08:49:02.650504Z	   68 Query	SELECT TABLE_NAME FROM information_schema.VIEWS WHERE TABLE_SCHEMA = 'themepark' AND TABLE_NAME = 'attraction' AND IS_UPDATABLE = 'YES'
2024-03-06T08:49:02.652534Z	   68 Query	SHOW  COLUMNS FROM `themepark`.`attraction`
2024-03-06T08:49:02.655960Z	   68 Query	SHOW INDEXES FROM `themepark`.`attraction`
2024-03-06T08:49:02.659972Z	   68 Query	SELECT TABLE_NAME FROM information_schema.VIEWS WHERE TABLE_SCHEMA = 'themepark' AND TABLE_NAME = 'attraction'
2024-03-06T08:49:02.664808Z	   68 Query	SHOW CREATE TABLE `themepark`.`attraction`
2024-03-06T08:49:02.681145Z	   68 Query	SELECT TABLE_NAME FROM information_schema.VIEWS WHERE TABLE_SCHEMA = 'themepark' AND TABLE_NAME = 'attraction'
2024-03-06T08:49:02.683348Z	   68 Query	SELECT TABLE_NAME FROM information_schema.VIEWS WHERE TABLE_SCHEMA = 'themepark' AND TABLE_NAME = 'attraction'
2024-03-06T08:49:02.684936Z	   68 Query	SELECT TABLE_NAME FROM information_schema.VIEWS WHERE TABLE_SCHEMA = 'themepark' AND TABLE_NAME = 'attraction'
2024-03-06T08:49:02.687847Z	   68 Query	SELECT *, `TABLE_SCHEMA`       AS `Db`, `TABLE_NAME`         AS `Name`, `TABLE_TYPE`         AS `TABLE_TYPE`, `ENGINE`             AS `Engine`, `ENGINE`             AS `Type`, `VERSION`            AS `Version`, `ROW_FORMAT`         AS `Row_format`, `TABLE_ROWS`         AS `Rows`, `AVG_ROW_LENGTH`     AS `Avg_row_length`, `DATA_LENGTH`        AS `Data_length`, `MAX_DATA_LENGTH`    AS `Max_data_length`, `INDEX_LENGTH`       AS `Index_length`, `DATA_FREE`          AS `Data_free`, `AUTO_INCREMENT`     AS `Auto_increment`, `CREATE_TIME`        AS `Create_time`, `UPDATE_TIME`        AS `Update_time`, `CHECK_TIME`         AS `Check_time`, `TABLE_COLLATION`    AS `Collation`, `CHECKSUM`           AS `Checksum`, `CREATE_OPTIONS`     AS `Create_options`, `TABLE_COMMENT`      AS `Comment` FROM `information_schema`.`TABLES` t WHERE `TABLE_SCHEMA`  IN ('themepark') AND t.`TABLE_NAME`  = 'attraction' ORDER BY Name ASC
2024-03-06T08:49:02.692236Z	   68 Query	SHOW FULL COLUMNS FROM `themepark`.`attraction`
2024-03-06T08:49:02.750048Z	   68 Query	SHOW SESSION VARIABLES LIKE 'FOREIGN_KEY_CHECKS'
2024-03-06T08:49:02.754182Z	   68 Query	SHOW  COLUMNS FROM `themepark`.`attraction`
2024-03-06T08:49:02.758515Z	   68 Query	SELECT 1 FROM (SELECT `GRANTEE`, `IS_GRANTABLE` FROM `INFORMATION_SCHEMA`.`COLUMN_PRIVILEGES` UNION SELECT `GRANTEE`, `IS_GRANTABLE` FROM `INFORMATION_SCHEMA`.`TABLE_PRIVILEGES` UNION SELECT `GRANTEE`, `IS_GRANTABLE` FROM `INFORMATION_SCHEMA`.`SCHEMA_PRIVILEGES` UNION SELECT `GRANTEE`, `IS_GRANTABLE` FROM `INFORMATION_SCHEMA`.`USER_PRIVILEGES`) t WHERE `IS_GRANTABLE` = 'YES' AND '''root''@''localhost''' LIKE `GRANTEE` LIMIT 1
2024-03-06T08:49:02.760339Z	   68 Query	SELECT `PRIVILEGE_TYPE` FROM `INFORMATION_SCHEMA`.`USER_PRIVILEGES` WHERE GRANTEE='''root''@''localhost''' AND PRIVILEGE_TYPE='TRIGGER'
2024-03-06T08:49:02.766420Z	   69 Quit	
2024-03-06T08:49:02.766955Z	   68 Quit	
2024-03-06T08:49:02.914019Z	   70 Connect	root@localhost on  using TCP/IP
2024-03-06T08:49:02.914364Z	   70 Query	SELECT @@version, @@version_comment
2024-03-06T08:49:02.914717Z	   70 Query	SET NAMES 'utf8mb4' COLLATE 'utf8mb4_general_ci'
2024-03-06T08:49:02.914912Z	   70 Query	SET lc_messages = 'en_US'
2024-03-06T08:49:02.918893Z	   71 Connect	root@localhost on  using TCP/IP
2024-03-06T08:49:02.926526Z	   71 Query	SHOW TABLES FROM `phpmyadmin`
2024-03-06T08:49:02.928224Z	   70 Query	SET collation_connection = 'utf8mb4_unicode_ci'
2024-03-06T08:49:02.928762Z	   71 Query	SHOW TABLES FROM `phpmyadmin`
2024-03-06T08:49:02.933934Z	   70 Query	SELECT 1 FROM mysql.user LIMIT 1
2024-03-06T08:49:02.934748Z	   70 Query	SELECT CURRENT_USER()
2024-03-06T08:49:02.935494Z	   70 Query	SELECT 1 FROM (SELECT `GRANTEE`, `IS_GRANTABLE` FROM `INFORMATION_SCHEMA`.`COLUMN_PRIVILEGES` UNION SELECT `GRANTEE`, `IS_GRANTABLE` FROM `INFORMATION_SCHEMA`.`TABLE_PRIVILEGES` UNION SELECT `GRANTEE`, `IS_GRANTABLE` FROM `INFORMATION_SCHEMA`.`SCHEMA_PRIVILEGES` UNION SELECT `GRANTEE`, `IS_GRANTABLE` FROM `INFORMATION_SCHEMA`.`USER_PRIVILEGES`) t WHERE `IS_GRANTABLE` = 'YES' AND '''root''@''localhost''' LIKE `GRANTEE` LIMIT 1
2024-03-06T08:49:02.940601Z	   71 Quit	
2024-03-06T08:49:02.940691Z	   70 Quit	
2024-03-06T08:50:01.753310Z	   57 Query	select e.emp_fname, e.emp_lname, a.attract_name, h.attract_no, h.date_worked
 from employee e
join hours h ON e.emp_num = h.emp_num
join attraction a ON h.attract_no = a.attract_no
2024-03-06T09:02:11.108680Z	   57 Query	select p.park_name, SUM(s.total_sales) as total_sales 
from themepark p 
join sales s on p.park_code = s.park_code
join sales_line sl on  s.transaction_no = sl.transaction_no
where p.park_country IN ('UK', 'FR')
group by p.park_code, p.park_name
2024-03-06T15:21:56.419753Z	   72 Connect	root@localhost on  using TCP/IP
2024-03-06T15:21:56.421565Z	   72 Query	SELECT @@version, @@version_comment
2024-03-06T15:21:56.423856Z	   72 Query	SET NAMES 'utf8mb4' COLLATE 'utf8mb4_general_ci'
2024-03-06T15:21:56.424070Z	   72 Query	SET lc_messages = 'en_US'
2024-03-06T15:21:56.429510Z	   73 Connect	root@localhost on  using TCP/IP
2024-03-06T15:21:56.440581Z	   72 Query	SHOW TABLES FROM `themepark`
2024-03-06T15:21:56.451481Z	   72 Query	SELECT 1 FROM mysql.user LIMIT 1
2024-03-06T15:21:56.452743Z	   72 Query	SELECT CURRENT_USER()
2024-03-06T15:21:56.453505Z	   72 Query	SELECT 1 FROM (SELECT `GRANTEE`, `IS_GRANTABLE` FROM `INFORMATION_SCHEMA`.`COLUMN_PRIVILEGES` UNION SELECT `GRANTEE`, `IS_GRANTABLE` FROM `INFORMATION_SCHEMA`.`TABLE_PRIVILEGES` UNION SELECT `GRANTEE`, `IS_GRANTABLE` FROM `INFORMATION_SCHEMA`.`SCHEMA_PRIVILEGES` UNION SELECT `GRANTEE`, `IS_GRANTABLE` FROM `INFORMATION_SCHEMA`.`USER_PRIVILEGES`) t WHERE `IS_GRANTABLE` = 'YES' AND '''root''@''localhost''' LIKE `GRANTEE` LIMIT 1
2024-03-06T15:21:56.455736Z	   72 Query	SELECT `PRIVILEGE_TYPE` FROM `INFORMATION_SCHEMA`.`USER_PRIVILEGES` WHERE GRANTEE='''root''@''localhost''' AND PRIVILEGE_TYPE='EVENT'
2024-03-06T15:21:56.456328Z	   72 Query	SELECT `PRIVILEGE_TYPE` FROM `INFORMATION_SCHEMA`.`USER_PRIVILEGES` WHERE GRANTEE='''root''@''localhost''' AND PRIVILEGE_TYPE='TRIGGER'
2024-03-06T15:21:56.460518Z	   73 Quit	
2024-03-06T15:21:56.460580Z	   72 Quit	
2024-03-06T15:21:56.545862Z	   74 Connect	root@localhost on  using TCP/IP
2024-03-06T15:21:56.546119Z	   74 Query	SELECT @@version, @@version_comment
2024-03-06T15:21:56.546403Z	   74 Query	SET NAMES 'utf8mb4' COLLATE 'utf8mb4_general_ci'
2024-03-06T15:21:56.546561Z	   74 Query	SET lc_messages = 'en_US'
2024-03-06T15:21:56.551581Z	   75 Connect	root@localhost on  using TCP/IP
2024-03-06T15:21:56.554826Z	   75 Query	SHOW TABLES FROM `phpmyadmin`
2024-03-06T15:21:56.561825Z	   74 Query	SET collation_connection = 'utf8mb4_unicode_ci'
2024-03-06T15:21:56.562376Z	   75 Query	SHOW TABLES FROM `phpmyadmin`
2024-03-06T15:21:56.574258Z	   74 Query	SELECT 1 FROM mysql.user LIMIT 1
2024-03-06T15:21:56.575059Z	   74 Query	SELECT CURRENT_USER()
2024-03-06T15:21:56.575852Z	   74 Query	SELECT 1 FROM (SELECT `GRANTEE`, `IS_GRANTABLE` FROM `INFORMATION_SCHEMA`.`COLUMN_PRIVILEGES` UNION SELECT `GRANTEE`, `IS_GRANTABLE` FROM `INFORMATION_SCHEMA`.`TABLE_PRIVILEGES` UNION SELECT `GRANTEE`, `IS_GRANTABLE` FROM `INFORMATION_SCHEMA`.`SCHEMA_PRIVILEGES` UNION SELECT `GRANTEE`, `IS_GRANTABLE` FROM `INFORMATION_SCHEMA`.`USER_PRIVILEGES`) t WHERE `IS_GRANTABLE` = 'YES' AND '''root''@''localhost''' LIKE `GRANTEE` LIMIT 1
2024-03-06T15:21:56.577613Z	   74 Query	SHOW MASTER LOGS
2024-03-06T15:21:56.583670Z	   75 Quit	
2024-03-06T15:21:56.583900Z	   74 Quit	
2024-03-06T15:22:09.487840Z	   76 Connect	root@localhost on  using TCP/IP
2024-03-06T15:22:09.488200Z	   76 Query	SELECT @@version, @@version_comment
2024-03-06T15:22:09.488967Z	   76 Query	SET NAMES 'utf8mb4' COLLATE 'utf8mb4_general_ci'
2024-03-06T15:22:09.489186Z	   76 Query	SET lc_messages = 'en_US'
2024-03-06T15:22:09.492385Z	   77 Connect	root@localhost on  using TCP/IP
2024-03-06T15:22:09.498826Z	   77 Query	SHOW TABLES FROM `phpmyadmin`
2024-03-06T15:22:09.499512Z	   77 Query	SHOW TABLES FROM `themepark`
2024-03-06T15:22:09.504011Z	   76 Query	SET collation_connection = 'utf8mb4_unicode_ci'
2024-03-06T15:22:09.504633Z	   77 Query	SHOW TABLES FROM `phpmyadmin`
2024-03-06T15:22:09.505130Z	   77 Query	SHOW TABLES FROM `themepark`
2024-03-06T15:22:09.509895Z	   76 Query	SELECT CURRENT_USER()
2024-03-06T15:22:09.511083Z	   76 Query	SHOW GRANTS
2024-03-06T15:22:09.558637Z	   76 Query	SELECT 1 FROM mysql.user LIMIT 1
2024-03-06T15:22:09.560122Z	   76 Query	SHOW SESSION VARIABLES LIKE 'FOREIGN_KEY_CHECKS'
2024-03-06T15:22:09.574879Z	   76 Query	SELECT DATABASE()
2024-03-06T15:22:09.575999Z	   76 Init DB	themepark
2024-03-06T15:22:09.576525Z	   76 Query	SELECT * FROM `sales` LIMIT 0, 25
2024-03-06T15:22:09.593152Z	   76 Query	SHOW WARNINGS
2024-03-06T15:22:09.594843Z	   76 Query	SELECT @@lower_case_table_names
2024-03-06T15:22:09.596675Z	   76 Query	SELECT TABLE_NAME FROM information_schema.VIEWS WHERE TABLE_SCHEMA = 'themepark' AND TABLE_NAME = 'sales' AND IS_UPDATABLE = 'YES'
2024-03-06T15:22:09.600314Z	   76 Query	SHOW  COLUMNS FROM `themepark`.`sales`
2024-03-06T15:22:09.605351Z	   76 Query	SHOW INDEXES FROM `themepark`.`sales`
2024-03-06T15:22:09.616417Z	   76 Query	SELECT TABLE_NAME FROM information_schema.VIEWS WHERE TABLE_SCHEMA = 'themepark' AND TABLE_NAME = 'sales'
2024-03-06T15:22:09.623328Z	   76 Query	SELECT @@have_profiling
2024-03-06T15:22:09.627038Z	   76 Query	SHOW CREATE TABLE `themepark`.`sales`
2024-03-06T15:22:09.643725Z	   76 Query	SELECT TABLE_NAME FROM information_schema.VIEWS WHERE TABLE_SCHEMA = 'themepark' AND TABLE_NAME = 'sales'
2024-03-06T15:22:09.648339Z	   76 Query	SELECT TABLE_NAME FROM information_schema.VIEWS WHERE TABLE_SCHEMA = 'themepark' AND TABLE_NAME = 'sales'
2024-03-06T15:22:09.651309Z	   76 Query	SELECT TABLE_NAME FROM information_schema.VIEWS WHERE TABLE_SCHEMA = 'themepark' AND TABLE_NAME = 'sales'
2024-03-06T15:22:09.656470Z	   76 Query	SELECT *, `TABLE_SCHEMA`       AS `Db`, `TABLE_NAME`         AS `Name`, `TABLE_TYPE`         AS `TABLE_TYPE`, `ENGINE`             AS `Engine`, `ENGINE`             AS `Type`, `VERSION`            AS `Version`, `ROW_FORMAT`         AS `Row_format`, `TABLE_ROWS`         AS `Rows`, `AVG_ROW_LENGTH`     AS `Avg_row_length`, `DATA_LENGTH`        AS `Data_length`, `MAX_DATA_LENGTH`    AS `Max_data_length`, `INDEX_LENGTH`       AS `Index_length`, `DATA_FREE`          AS `Data_free`, `AUTO_INCREMENT`     AS `Auto_increment`, `CREATE_TIME`        AS `Create_time`, `UPDATE_TIME`        AS `Update_time`, `CHECK_TIME`         AS `Check_time`, `TABLE_COLLATION`    AS `Collation`, `CHECKSUM`           AS `Checksum`, `CREATE_OPTIONS`     AS `Create_options`, `TABLE_COMMENT`      AS `Comment` FROM `information_schema`.`TABLES` t WHERE `TABLE_SCHEMA`  IN ('themepark') AND t.`TABLE_NAME`  = 'sales' ORDER BY Name ASC
2024-03-06T15:22:09.666308Z	   76 Query	SHOW FULL COLUMNS FROM `themepark`.`sales`
2024-03-06T15:22:09.899458Z	   76 Query	SHOW SESSION VARIABLES LIKE 'FOREIGN_KEY_CHECKS'
2024-03-06T15:22:09.905649Z	   76 Query	SHOW  COLUMNS FROM `themepark`.`sales`
2024-03-06T15:22:09.911556Z	   76 Query	SELECT 1 FROM (SELECT `GRANTEE`, `IS_GRANTABLE` FROM `INFORMATION_SCHEMA`.`COLUMN_PRIVILEGES` UNION SELECT `GRANTEE`, `IS_GRANTABLE` FROM `INFORMATION_SCHEMA`.`TABLE_PRIVILEGES` UNION SELECT `GRANTEE`, `IS_GRANTABLE` FROM `INFORMATION_SCHEMA`.`SCHEMA_PRIVILEGES` UNION SELECT `GRANTEE`, `IS_GRANTABLE` FROM `INFORMATION_SCHEMA`.`USER_PRIVILEGES`) t WHERE `IS_GRANTABLE` = 'YES' AND '''root''@''localhost''' LIKE `GRANTEE` LIMIT 1
2024-03-06T15:22:09.914422Z	   76 Query	SELECT `PRIVILEGE_TYPE` FROM `INFORMATION_SCHEMA`.`USER_PRIVILEGES` WHERE GRANTEE='''root''@''localhost''' AND PRIVILEGE_TYPE='TRIGGER'
2024-03-06T15:22:09.924429Z	   77 Quit	
2024-03-06T15:22:09.925066Z	   76 Quit	
2024-03-06T15:22:14.070838Z	   78 Connect	root@localhost on  using TCP/IP
2024-03-06T15:22:14.071141Z	   78 Query	SELECT @@version, @@version_comment
2024-03-06T15:22:14.071799Z	   78 Query	SET NAMES 'utf8mb4' COLLATE 'utf8mb4_general_ci'
2024-03-06T15:22:14.071969Z	   78 Query	SET lc_messages = 'en_US'
2024-03-06T15:22:14.075443Z	   79 Connect	root@localhost on  using TCP/IP
2024-03-06T15:22:14.081852Z	   79 Query	SHOW TABLES FROM `phpmyadmin`
2024-03-06T15:22:14.084739Z	   78 Query	SET collation_connection = 'utf8mb4_unicode_ci'
2024-03-06T15:22:14.085204Z	   79 Query	SHOW TABLES FROM `phpmyadmin`
2024-03-06T15:22:14.090329Z	   78 Query	SELECT 1 FROM mysql.user LIMIT 1
2024-03-06T15:22:14.090987Z	   78 Query	SELECT CURRENT_USER()
2024-03-06T15:22:14.091785Z	   78 Query	SELECT 1 FROM (SELECT `GRANTEE`, `IS_GRANTABLE` FROM `INFORMATION_SCHEMA`.`COLUMN_PRIVILEGES` UNION SELECT `GRANTEE`, `IS_GRANTABLE` FROM `INFORMATION_SCHEMA`.`TABLE_PRIVILEGES` UNION SELECT `GRANTEE`, `IS_GRANTABLE` FROM `INFORMATION_SCHEMA`.`SCHEMA_PRIVILEGES` UNION SELECT `GRANTEE`, `IS_GRANTABLE` FROM `INFORMATION_SCHEMA`.`USER_PRIVILEGES`) t WHERE `IS_GRANTABLE` = 'YES' AND '''root''@''localhost''' LIKE `GRANTEE` LIMIT 1
2024-03-06T15:22:14.096673Z	   79 Quit	
2024-03-06T15:22:14.096820Z	   78 Quit	
2024-03-06T15:22:18.365624Z	   80 Connect	root@localhost on  using TCP/IP
2024-03-06T15:22:18.366004Z	   80 Query	SELECT @@version, @@version_comment
2024-03-06T15:22:18.366724Z	   80 Query	SET NAMES 'utf8mb4' COLLATE 'utf8mb4_general_ci'
2024-03-06T15:22:18.366905Z	   80 Query	SET lc_messages = 'en_US'
2024-03-06T15:22:18.370682Z	   81 Connect	root@localhost on  using TCP/IP
2024-03-06T15:22:18.380267Z	   81 Query	SHOW TABLES FROM `phpmyadmin`
2024-03-06T15:22:18.381031Z	   81 Query	SHOW TABLES FROM `themepark`
2024-03-06T15:22:18.385845Z	   80 Query	SET collation_connection = 'utf8mb4_unicode_ci'
2024-03-06T15:22:18.386467Z	   81 Query	SHOW TABLES FROM `phpmyadmin`
2024-03-06T15:22:18.387277Z	   81 Query	SHOW TABLES FROM `themepark`
2024-03-06T15:22:18.392540Z	   80 Query	SELECT CURRENT_USER()
2024-03-06T15:22:18.430059Z	   80 Query	SELECT 1 FROM mysql.user LIMIT 1
2024-03-06T15:22:18.431513Z	   80 Query	SHOW SESSION VARIABLES LIKE 'FOREIGN_KEY_CHECKS'
2024-03-06T15:22:18.438917Z	   80 Query	SELECT DATABASE()
2024-03-06T15:22:18.440708Z	   80 Init DB	themepark
2024-03-06T15:22:18.441293Z	   80 Query	SELECT * FROM `sales_line` LIMIT 0, 25
2024-03-06T15:22:18.460599Z	   80 Query	SELECT TABLE_NAME FROM information_schema.VIEWS WHERE TABLE_SCHEMA = 'themepark' AND TABLE_NAME = 'sales_line'
2024-03-06T15:22:18.465494Z	   80 Query	SELECT @@lower_case_table_names
2024-03-06T15:22:18.469048Z	   80 Query	SELECT *, `TABLE_SCHEMA`       AS `Db`, `TABLE_NAME`         AS `Name`, `TABLE_TYPE`         AS `TABLE_TYPE`, `ENGINE`             AS `Engine`, `ENGINE`             AS `Type`, `VERSION`            AS `Version`, `ROW_FORMAT`         AS `Row_format`, `TABLE_ROWS`         AS `Rows`, `AVG_ROW_LENGTH`     AS `Avg_row_length`, `DATA_LENGTH`        AS `Data_length`, `MAX_DATA_LENGTH`    AS `Max_data_length`, `INDEX_LENGTH`       AS `Index_length`, `DATA_FREE`          AS `Data_free`, `AUTO_INCREMENT`     AS `Auto_increment`, `CREATE_TIME`        AS `Create_time`, `UPDATE_TIME`        AS `Update_time`, `CHECK_TIME`         AS `Check_time`, `TABLE_COLLATION`    AS `Collation`, `CHECKSUM`           AS `Checksum`, `CREATE_OPTIONS`     AS `Create_options`, `TABLE_COMMENT`      AS `Comment` FROM `information_schema`.`TABLES` t WHERE `TABLE_SCHEMA`  IN ('themepark') AND t.`TABLE_NAME`  = 'sales_line' ORDER BY Name ASC
2024-03-06T15:22:18.475879Z	   80 Query	SELECT COUNT(*) FROM `themepark`.`sales_line`
2024-03-06T15:22:18.477636Z	   80 Query	SHOW WARNINGS
2024-03-06T15:22:18.480382Z	   80 Query	SELECT TABLE_NAME FROM information_schema.VIEWS WHERE TABLE_SCHEMA = 'themepark' AND TABLE_NAME = 'sales_line' AND IS_UPDATABLE = 'YES'
2024-03-06T15:22:18.484784Z	   80 Query	SHOW  COLUMNS FROM `themepark`.`sales_line`
2024-03-06T15:22:18.488362Z	   80 Query	SHOW INDEXES FROM `themepark`.`sales_line`
2024-03-06T15:22:18.694316Z	   80 Query	SHOW CREATE TABLE `themepark`.`sales_line`
2024-03-06T15:22:18.716809Z	   80 Query	SHOW FULL COLUMNS FROM `themepark`.`sales_line`
2024-03-06T15:22:18.948337Z	   80 Query	SHOW SESSION VARIABLES LIKE 'FOREIGN_KEY_CHECKS'
2024-03-06T15:22:18.952286Z	   80 Query	SHOW  COLUMNS FROM `themepark`.`sales_line`
2024-03-06T15:22:18.957775Z	   80 Query	SELECT 1 FROM (SELECT `GRANTEE`, `IS_GRANTABLE` FROM `INFORMATION_SCHEMA`.`COLUMN_PRIVILEGES` UNION SELECT `GRANTEE`, `IS_GRANTABLE` FROM `INFORMATION_SCHEMA`.`TABLE_PRIVILEGES` UNION SELECT `GRANTEE`, `IS_GRANTABLE` FROM `INFORMATION_SCHEMA`.`SCHEMA_PRIVILEGES` UNION SELECT `GRANTEE`, `IS_GRANTABLE` FROM `INFORMATION_SCHEMA`.`USER_PRIVILEGES`) t WHERE `IS_GRANTABLE` = 'YES' AND '''root''@''localhost''' LIKE `GRANTEE` LIMIT 1
2024-03-06T15:22:18.960616Z	   80 Query	SELECT `PRIVILEGE_TYPE` FROM `INFORMATION_SCHEMA`.`USER_PRIVILEGES` WHERE GRANTEE='''root''@''localhost''' AND PRIVILEGE_TYPE='TRIGGER'
2024-03-06T15:22:18.969865Z	   81 Quit	
2024-03-06T15:22:18.969970Z	   80 Quit	
2024-03-06T15:22:20.907216Z	   82 Connect	root@localhost on  using TCP/IP
2024-03-06T15:22:20.907558Z	   82 Query	SELECT @@version, @@version_comment
2024-03-06T15:22:20.907974Z	   82 Query	SET NAMES 'utf8mb4' COLLATE 'utf8mb4_general_ci'
2024-03-06T15:22:20.908185Z	   82 Query	SET lc_messages = 'en_US'
2024-03-06T15:22:20.911273Z	   83 Connect	root@localhost on  using TCP/IP
2024-03-06T15:22:20.916278Z	   83 Query	SHOW TABLES FROM `phpmyadmin`
2024-03-06T15:22:20.918399Z	   82 Query	SET collation_connection = 'utf8mb4_unicode_ci'
2024-03-06T15:22:20.918816Z	   83 Query	SHOW TABLES FROM `phpmyadmin`
2024-03-06T15:22:20.923543Z	   82 Query	SELECT 1 FROM mysql.user LIMIT 1
2024-03-06T15:22:20.924281Z	   82 Query	SELECT CURRENT_USER()
2024-03-06T15:22:20.924920Z	   82 Query	SELECT 1 FROM (SELECT `GRANTEE`, `IS_GRANTABLE` FROM `INFORMATION_SCHEMA`.`COLUMN_PRIVILEGES` UNION SELECT `GRANTEE`, `IS_GRANTABLE` FROM `INFORMATION_SCHEMA`.`TABLE_PRIVILEGES` UNION SELECT `GRANTEE`, `IS_GRANTABLE` FROM `INFORMATION_SCHEMA`.`SCHEMA_PRIVILEGES` UNION SELECT `GRANTEE`, `IS_GRANTABLE` FROM `INFORMATION_SCHEMA`.`USER_PRIVILEGES`) t WHERE `IS_GRANTABLE` = 'YES' AND '''root''@''localhost''' LIKE `GRANTEE` LIMIT 1
2024-03-06T15:22:20.929586Z	   83 Quit	
2024-03-06T15:22:20.929661Z	   82 Quit	
2024-03-06T15:22:58.854211Z	   84 Connect	root@localhost on  using TCP/IP
2024-03-06T15:22:58.854563Z	   84 Query	SELECT @@version, @@version_comment
2024-03-06T15:22:58.855156Z	   84 Query	SET NAMES 'utf8mb4' COLLATE 'utf8mb4_general_ci'
2024-03-06T15:22:58.855340Z	   84 Query	SET lc_messages = 'en_US'
2024-03-06T15:22:58.859112Z	   85 Connect	root@localhost on  using TCP/IP
2024-03-06T15:22:58.862866Z	   85 Query	SHOW TABLES FROM `phpmyadmin`
2024-03-06T15:22:58.863403Z	   85 Query	SHOW TABLES FROM `themepark`
2024-03-06T15:22:58.868085Z	   84 Query	SET collation_connection = 'utf8mb4_unicode_ci'
2024-03-06T15:22:58.868458Z	   85 Query	SHOW TABLES FROM `phpmyadmin`
2024-03-06T15:22:58.868836Z	   85 Query	SHOW TABLES FROM `themepark`
2024-03-06T15:22:58.872377Z	   84 Query	SELECT CURRENT_USER()
2024-03-06T15:22:58.899322Z	   84 Query	SELECT 1 FROM mysql.user LIMIT 1
2024-03-06T15:22:58.900181Z	   84 Query	SHOW SESSION VARIABLES LIKE 'FOREIGN_KEY_CHECKS'
2024-03-06T15:22:58.903776Z	   84 Query	SELECT DATABASE()
2024-03-06T15:22:58.904486Z	   84 Init DB	themepark
2024-03-06T15:22:58.904980Z	   84 Query	SELECT * FROM `sales` LIMIT 0, 25
2024-03-06T15:22:58.914797Z	   84 Query	SHOW WARNINGS
2024-03-06T15:22:58.915611Z	   84 Query	SELECT @@lower_case_table_names
2024-03-06T15:22:58.916673Z	   84 Query	SELECT TABLE_NAME FROM information_schema.VIEWS WHERE TABLE_SCHEMA = 'themepark' AND TABLE_NAME = 'sales' AND IS_UPDATABLE = 'YES'
2024-03-06T15:22:58.918517Z	   84 Query	SHOW  COLUMNS FROM `themepark`.`sales`
2024-03-06T15:22:58.920648Z	   84 Query	SHOW INDEXES FROM `themepark`.`sales`
2024-03-06T15:22:58.924826Z	   84 Query	SELECT TABLE_NAME FROM information_schema.VIEWS WHERE TABLE_SCHEMA = 'themepark' AND TABLE_NAME = 'sales'
2024-03-06T15:22:58.928563Z	   84 Query	SHOW CREATE TABLE `themepark`.`sales`
2024-03-06T15:22:58.941341Z	   84 Query	SELECT TABLE_NAME FROM information_schema.VIEWS WHERE TABLE_SCHEMA = 'themepark' AND TABLE_NAME = 'sales'
2024-03-06T15:22:58.944763Z	   84 Query	SELECT TABLE_NAME FROM information_schema.VIEWS WHERE TABLE_SCHEMA = 'themepark' AND TABLE_NAME = 'sales'
2024-03-06T15:22:58.946879Z	   84 Query	SELECT TABLE_NAME FROM information_schema.VIEWS WHERE TABLE_SCHEMA = 'themepark' AND TABLE_NAME = 'sales'
2024-03-06T15:22:58.948982Z	   84 Query	SELECT *, `TABLE_SCHEMA`       AS `Db`, `TABLE_NAME`         AS `Name`, `TABLE_TYPE`         AS `TABLE_TYPE`, `ENGINE`             AS `Engine`, `ENGINE`             AS `Type`, `VERSION`            AS `Version`, `ROW_FORMAT`         AS `Row_format`, `TABLE_ROWS`         AS `Rows`, `AVG_ROW_LENGTH`     AS `Avg_row_length`, `DATA_LENGTH`        AS `Data_length`, `MAX_DATA_LENGTH`    AS `Max_data_length`, `INDEX_LENGTH`       AS `Index_length`, `DATA_FREE`          AS `Data_free`, `AUTO_INCREMENT`     AS `Auto_increment`, `CREATE_TIME`        AS `Create_time`, `UPDATE_TIME`        AS `Update_time`, `CHECK_TIME`         AS `Check_time`, `TABLE_COLLATION`    AS `Collation`, `CHECKSUM`           AS `Checksum`, `CREATE_OPTIONS`     AS `Create_options`, `TABLE_COMMENT`      AS `Comment` FROM `information_schema`.`TABLES` t WHERE `TABLE_SCHEMA`  IN ('themepark') AND t.`TABLE_NAME`  = 'sales' ORDER BY Name ASC
2024-03-06T15:22:58.952057Z	   84 Query	SHOW FULL COLUMNS FROM `themepark`.`sales`
2024-03-06T15:22:59.021605Z	   84 Query	SHOW SESSION VARIABLES LIKE 'FOREIGN_KEY_CHECKS'
2024-03-06T15:22:59.024987Z	   84 Query	SHOW  COLUMNS FROM `themepark`.`sales`
2024-03-06T15:22:59.028401Z	   84 Query	SELECT 1 FROM (SELECT `GRANTEE`, `IS_GRANTABLE` FROM `INFORMATION_SCHEMA`.`COLUMN_PRIVILEGES` UNION SELECT `GRANTEE`, `IS_GRANTABLE` FROM `INFORMATION_SCHEMA`.`TABLE_PRIVILEGES` UNION SELECT `GRANTEE`, `IS_GRANTABLE` FROM `INFORMATION_SCHEMA`.`SCHEMA_PRIVILEGES` UNION SELECT `GRANTEE`, `IS_GRANTABLE` FROM `INFORMATION_SCHEMA`.`USER_PRIVILEGES`) t WHERE `IS_GRANTABLE` = 'YES' AND '''root''@''localhost''' LIKE `GRANTEE` LIMIT 1
2024-03-06T15:22:59.029945Z	   84 Query	SELECT `PRIVILEGE_TYPE` FROM `INFORMATION_SCHEMA`.`USER_PRIVILEGES` WHERE GRANTEE='''root''@''localhost''' AND PRIVILEGE_TYPE='TRIGGER'
2024-03-06T15:22:59.035456Z	   85 Quit	
2024-03-06T15:22:59.035846Z	   84 Quit	
2024-03-06T15:22:59.173279Z	   86 Connect	root@localhost on  using TCP/IP
2024-03-06T15:22:59.174203Z	   86 Query	SELECT @@version, @@version_comment
2024-03-06T15:22:59.174668Z	   86 Query	SET NAMES 'utf8mb4' COLLATE 'utf8mb4_general_ci'
2024-03-06T15:22:59.174904Z	   86 Query	SET lc_messages = 'en_US'
2024-03-06T15:22:59.177820Z	   87 Connect	root@localhost on  using TCP/IP
2024-03-06T15:22:59.184000Z	   87 Query	SHOW TABLES FROM `phpmyadmin`
2024-03-06T15:22:59.185767Z	   86 Query	SET collation_connection = 'utf8mb4_unicode_ci'
2024-03-06T15:22:59.186320Z	   87 Query	SHOW TABLES FROM `phpmyadmin`
2024-03-06T15:22:59.190307Z	   86 Query	SELECT 1 FROM mysql.user LIMIT 1
2024-03-06T15:22:59.190931Z	   86 Query	SELECT CURRENT_USER()
2024-03-06T15:22:59.191534Z	   86 Query	SELECT 1 FROM (SELECT `GRANTEE`, `IS_GRANTABLE` FROM `INFORMATION_SCHEMA`.`COLUMN_PRIVILEGES` UNION SELECT `GRANTEE`, `IS_GRANTABLE` FROM `INFORMATION_SCHEMA`.`TABLE_PRIVILEGES` UNION SELECT `GRANTEE`, `IS_GRANTABLE` FROM `INFORMATION_SCHEMA`.`SCHEMA_PRIVILEGES` UNION SELECT `GRANTEE`, `IS_GRANTABLE` FROM `INFORMATION_SCHEMA`.`USER_PRIVILEGES`) t WHERE `IS_GRANTABLE` = 'YES' AND '''root''@''localhost''' LIKE `GRANTEE` LIMIT 1
2024-03-06T15:22:59.194929Z	   87 Quit	
2024-03-06T15:22:59.195037Z	   86 Quit	
2024-03-06T15:24:48.614153Z	   88 Connect	root@localhost on  using TCP/IP
2024-03-06T15:24:48.614493Z	   88 Query	SELECT @@version, @@version_comment
2024-03-06T15:24:48.615713Z	   88 Query	SET NAMES 'utf8mb4' COLLATE 'utf8mb4_general_ci'
2024-03-06T15:24:48.615949Z	   88 Query	SET lc_messages = 'en_US'
2024-03-06T15:24:48.638464Z	   89 Connect	root@localhost on  using TCP/IP
2024-03-06T15:24:48.646413Z	   89 Query	SHOW TABLES FROM `phpmyadmin`
2024-03-06T15:24:48.647197Z	   89 Query	SHOW TABLES FROM `themepark`
2024-03-06T15:24:48.656886Z	   88 Query	SET collation_connection = 'utf8mb4_unicode_ci'
2024-03-06T15:24:48.657506Z	   89 Query	SHOW TABLES FROM `phpmyadmin`
2024-03-06T15:24:48.658059Z	   89 Query	SHOW TABLES FROM `themepark`
2024-03-06T15:24:48.664768Z	   88 Query	SELECT CURRENT_USER()
2024-03-06T15:24:48.706813Z	   88 Query	SELECT 1 FROM mysql.user LIMIT 1
2024-03-06T15:24:48.708339Z	   88 Query	SHOW SESSION VARIABLES LIKE 'FOREIGN_KEY_CHECKS'
2024-03-06T15:24:48.715283Z	   88 Query	SELECT DATABASE()
2024-03-06T15:24:48.716411Z	   88 Init DB	themepark
2024-03-06T15:24:48.716916Z	   88 Query	SELECT * FROM `ticket` LIMIT 0, 25
2024-03-06T15:24:48.752953Z	   88 Query	SHOW WARNINGS
2024-03-06T15:24:48.754750Z	   88 Query	SELECT @@lower_case_table_names
2024-03-06T15:24:48.756315Z	   88 Query	SELECT TABLE_NAME FROM information_schema.VIEWS WHERE TABLE_SCHEMA = 'themepark' AND TABLE_NAME = 'ticket' AND IS_UPDATABLE = 'YES'
2024-03-06T15:24:48.759706Z	   88 Query	SHOW  COLUMNS FROM `themepark`.`ticket`
2024-03-06T15:24:48.763672Z	   88 Query	SHOW INDEXES FROM `themepark`.`ticket`
2024-03-06T15:24:48.772984Z	   88 Query	SELECT TABLE_NAME FROM information_schema.VIEWS WHERE TABLE_SCHEMA = 'themepark' AND TABLE_NAME = 'ticket'
2024-03-06T15:24:48.780303Z	   88 Query	SHOW CREATE TABLE `themepark`.`ticket`
2024-03-06T15:24:48.794846Z	   88 Query	SELECT TABLE_NAME FROM information_schema.VIEWS WHERE TABLE_SCHEMA = 'themepark' AND TABLE_NAME = 'ticket'
2024-03-06T15:24:48.798745Z	   88 Query	SELECT TABLE_NAME FROM information_schema.VIEWS WHERE TABLE_SCHEMA = 'themepark' AND TABLE_NAME = 'ticket'
2024-03-06T15:24:48.801372Z	   88 Query	SELECT TABLE_NAME FROM information_schema.VIEWS WHERE TABLE_SCHEMA = 'themepark' AND TABLE_NAME = 'ticket'
2024-03-06T15:24:48.804069Z	   88 Query	SELECT *, `TABLE_SCHEMA`       AS `Db`, `TABLE_NAME`         AS `Name`, `TABLE_TYPE`         AS `TABLE_TYPE`, `ENGINE`             AS `Engine`, `ENGINE`             AS `Type`, `VERSION`            AS `Version`, `ROW_FORMAT`         AS `Row_format`, `TABLE_ROWS`         AS `Rows`, `AVG_ROW_LENGTH`     AS `Avg_row_length`, `DATA_LENGTH`        AS `Data_length`, `MAX_DATA_LENGTH`    AS `Max_data_length`, `INDEX_LENGTH`       AS `Index_length`, `DATA_FREE`          AS `Data_free`, `AUTO_INCREMENT`     AS `Auto_increment`, `CREATE_TIME`        AS `Create_time`, `UPDATE_TIME`        AS `Update_time`, `CHECK_TIME`         AS `Check_time`, `TABLE_COLLATION`    AS `Collation`, `CHECKSUM`           AS `Checksum`, `CREATE_OPTIONS`     AS `Create_options`, `TABLE_COMMENT`      AS `Comment` FROM `information_schema`.`TABLES` t WHERE `TABLE_SCHEMA`  IN ('themepark') AND t.`TABLE_NAME`  = 'ticket' ORDER BY Name ASC
2024-03-06T15:24:48.810034Z	   88 Query	SHOW FULL COLUMNS FROM `themepark`.`ticket`
2024-03-06T15:24:48.869963Z	   88 Query	SHOW SESSION VARIABLES LIKE 'FOREIGN_KEY_CHECKS'
2024-03-06T15:24:48.873661Z	   88 Query	SHOW  COLUMNS FROM `themepark`.`ticket`
2024-03-06T15:24:48.878687Z	   88 Query	SELECT 1 FROM (SELECT `GRANTEE`, `IS_GRANTABLE` FROM `INFORMATION_SCHEMA`.`COLUMN_PRIVILEGES` UNION SELECT `GRANTEE`, `IS_GRANTABLE` FROM `INFORMATION_SCHEMA`.`TABLE_PRIVILEGES` UNION SELECT `GRANTEE`, `IS_GRANTABLE` FROM `INFORMATION_SCHEMA`.`SCHEMA_PRIVILEGES` UNION SELECT `GRANTEE`, `IS_GRANTABLE` FROM `INFORMATION_SCHEMA`.`USER_PRIVILEGES`) t WHERE `IS_GRANTABLE` = 'YES' AND '''root''@''localhost''' LIKE `GRANTEE` LIMIT 1
2024-03-06T15:24:48.880436Z	   88 Query	SELECT `PRIVILEGE_TYPE` FROM `INFORMATION_SCHEMA`.`USER_PRIVILEGES` WHERE GRANTEE='''root''@''localhost''' AND PRIVILEGE_TYPE='TRIGGER'
2024-03-06T15:24:48.888392Z	   89 Quit	
2024-03-06T15:24:48.888522Z	   88 Quit	
2024-03-06T15:24:49.075464Z	   90 Connect	root@localhost on  using TCP/IP
2024-03-06T15:24:49.075732Z	   90 Query	SELECT @@version, @@version_comment
2024-03-06T15:24:49.076080Z	   90 Query	SET NAMES 'utf8mb4' COLLATE 'utf8mb4_general_ci'
2024-03-06T15:24:49.076315Z	   90 Query	SET lc_messages = 'en_US'
2024-03-06T15:24:49.079884Z	   91 Connect	root@localhost on  using TCP/IP
2024-03-06T15:24:49.085795Z	   91 Query	SHOW TABLES FROM `phpmyadmin`
2024-03-06T15:24:49.087902Z	   90 Query	SET collation_connection = 'utf8mb4_unicode_ci'
2024-03-06T15:24:49.096157Z	   91 Query	SHOW TABLES FROM `phpmyadmin`
2024-03-06T15:24:49.101913Z	   90 Query	SELECT 1 FROM mysql.user LIMIT 1
2024-03-06T15:24:49.103117Z	   90 Query	SELECT CURRENT_USER()
2024-03-06T15:24:49.104106Z	   90 Query	SELECT 1 FROM (SELECT `GRANTEE`, `IS_GRANTABLE` FROM `INFORMATION_SCHEMA`.`COLUMN_PRIVILEGES` UNION SELECT `GRANTEE`, `IS_GRANTABLE` FROM `INFORMATION_SCHEMA`.`TABLE_PRIVILEGES` UNION SELECT `GRANTEE`, `IS_GRANTABLE` FROM `INFORMATION_SCHEMA`.`SCHEMA_PRIVILEGES` UNION SELECT `GRANTEE`, `IS_GRANTABLE` FROM `INFORMATION_SCHEMA`.`USER_PRIVILEGES`) t WHERE `IS_GRANTABLE` = 'YES' AND '''root''@''localhost''' LIKE `GRANTEE` LIMIT 1
2024-03-06T15:24:49.109917Z	   91 Quit	
2024-03-06T15:24:49.110003Z	   90 Quit	
2024-03-06T15:24:53.816952Z	   92 Connect	root@localhost on  using TCP/IP
2024-03-06T15:24:53.817774Z	   92 Query	SELECT @@version, @@version_comment
2024-03-06T15:24:53.818473Z	   92 Query	SET NAMES 'utf8mb4' COLLATE 'utf8mb4_general_ci'
2024-03-06T15:24:53.818777Z	   92 Query	SET lc_messages = 'en_US'
2024-03-06T15:24:53.821616Z	   93 Connect	root@localhost on  using TCP/IP
2024-03-06T15:24:53.824877Z	   93 Query	SHOW TABLES FROM `phpmyadmin`
2024-03-06T15:24:53.825655Z	   93 Query	SHOW TABLES FROM `themepark`
2024-03-06T15:24:53.829106Z	   92 Query	SET collation_connection = 'utf8mb4_unicode_ci'
2024-03-06T15:24:53.829533Z	   93 Query	SHOW TABLES FROM `phpmyadmin`
2024-03-06T15:24:53.830062Z	   93 Query	SHOW TABLES FROM `themepark`
2024-03-06T15:24:53.833739Z	   92 Query	SELECT CURRENT_USER()
2024-03-06T15:24:53.854796Z	   92 Query	SELECT 1 FROM mysql.user LIMIT 1
2024-03-06T15:24:53.855765Z	   92 Query	SHOW SESSION VARIABLES LIKE 'FOREIGN_KEY_CHECKS'
2024-03-06T15:24:53.860182Z	   92 Query	SELECT DATABASE()
2024-03-06T15:24:53.860923Z	   92 Init DB	themepark
2024-03-06T15:24:53.861369Z	   92 Query	SELECT * FROM `themepark` LIMIT 0, 25
2024-03-06T15:24:53.870678Z	   92 Query	SHOW WARNINGS
2024-03-06T15:24:53.871592Z	   92 Query	SELECT @@lower_case_table_names
2024-03-06T15:24:53.872499Z	   92 Query	SELECT TABLE_NAME FROM information_schema.VIEWS WHERE TABLE_SCHEMA = 'themepark' AND TABLE_NAME = 'themepark' AND IS_UPDATABLE = 'YES'
2024-03-06T15:24:53.874276Z	   92 Query	SHOW  COLUMNS FROM `themepark`.`themepark`
2024-03-06T15:24:53.877101Z	   92 Query	SHOW INDEXES FROM `themepark`.`themepark`
2024-03-06T15:24:53.879433Z	   92 Query	SELECT TABLE_NAME FROM information_schema.VIEWS WHERE TABLE_SCHEMA = 'themepark' AND TABLE_NAME = 'themepark'
2024-03-06T15:24:53.883959Z	   92 Query	SHOW CREATE TABLE `themepark`.`themepark`
2024-03-06T15:24:53.889967Z	   92 Query	SELECT TABLE_NAME FROM information_schema.VIEWS WHERE TABLE_SCHEMA = 'themepark' AND TABLE_NAME = 'themepark'
2024-03-06T15:24:53.892399Z	   92 Query	SELECT TABLE_NAME FROM information_schema.VIEWS WHERE TABLE_SCHEMA = 'themepark' AND TABLE_NAME = 'themepark'
2024-03-06T15:24:53.894446Z	   92 Query	SELECT TABLE_NAME FROM information_schema.VIEWS WHERE TABLE_SCHEMA = 'themepark' AND TABLE_NAME = 'themepark'
2024-03-06T15:24:53.896620Z	   92 Query	SELECT *, `TABLE_SCHEMA`       AS `Db`, `TABLE_NAME`         AS `Name`, `TABLE_TYPE`         AS `TABLE_TYPE`, `ENGINE`             AS `Engine`, `ENGINE`             AS `Type`, `VERSION`            AS `Version`, `ROW_FORMAT`         AS `Row_format`, `TABLE_ROWS`         AS `Rows`, `AVG_ROW_LENGTH`     AS `Avg_row_length`, `DATA_LENGTH`        AS `Data_length`, `MAX_DATA_LENGTH`    AS `Max_data_length`, `INDEX_LENGTH`       AS `Index_length`, `DATA_FREE`          AS `Data_free`, `AUTO_INCREMENT`     AS `Auto_increment`, `CREATE_TIME`        AS `Create_time`, `UPDATE_TIME`        AS `Update_time`, `CHECK_TIME`         AS `Check_time`, `TABLE_COLLATION`    AS `Collation`, `CHECKSUM`           AS `Checksum`, `CREATE_OPTIONS`     AS `Create_options`, `TABLE_COMMENT`      AS `Comment` FROM `information_schema`.`TABLES` t WHERE `TABLE_SCHEMA`  IN ('themepark') AND t.`TABLE_NAME`  = 'themepark' ORDER BY Name ASC
2024-03-06T15:24:53.903464Z	   92 Query	SHOW FULL COLUMNS FROM `themepark`.`themepark`
2024-03-06T15:24:53.940425Z	   92 Query	SHOW SESSION VARIABLES LIKE 'FOREIGN_KEY_CHECKS'
2024-03-06T15:24:53.943989Z	   92 Query	SHOW  COLUMNS FROM `themepark`.`themepark`
2024-03-06T15:24:53.947462Z	   92 Query	SELECT 1 FROM (SELECT `GRANTEE`, `IS_GRANTABLE` FROM `INFORMATION_SCHEMA`.`COLUMN_PRIVILEGES` UNION SELECT `GRANTEE`, `IS_GRANTABLE` FROM `INFORMATION_SCHEMA`.`TABLE_PRIVILEGES` UNION SELECT `GRANTEE`, `IS_GRANTABLE` FROM `INFORMATION_SCHEMA`.`SCHEMA_PRIVILEGES` UNION SELECT `GRANTEE`, `IS_GRANTABLE` FROM `INFORMATION_SCHEMA`.`USER_PRIVILEGES`) t WHERE `IS_GRANTABLE` = 'YES' AND '''root''@''localhost''' LIKE `GRANTEE` LIMIT 1
2024-03-06T15:24:53.949526Z	   92 Query	SELECT `PRIVILEGE_TYPE` FROM `INFORMATION_SCHEMA`.`USER_PRIVILEGES` WHERE GRANTEE='''root''@''localhost''' AND PRIVILEGE_TYPE='TRIGGER'
2024-03-06T15:24:53.956855Z	   93 Quit	
2024-03-06T15:24:53.957013Z	   92 Quit	
2024-03-06T15:24:54.076095Z	   94 Connect	root@localhost on  using TCP/IP
2024-03-06T15:24:54.076472Z	   94 Query	SELECT @@version, @@version_comment
2024-03-06T15:24:54.076792Z	   94 Query	SET NAMES 'utf8mb4' COLLATE 'utf8mb4_general_ci'
2024-03-06T15:24:54.077025Z	   94 Query	SET lc_messages = 'en_US'
2024-03-06T15:24:54.079470Z	   95 Connect	root@localhost on  using TCP/IP
2024-03-06T15:24:54.083129Z	   95 Query	SHOW TABLES FROM `phpmyadmin`
2024-03-06T15:24:54.084756Z	   94 Query	SET collation_connection = 'utf8mb4_unicode_ci'
2024-03-06T15:24:54.085136Z	   95 Query	SHOW TABLES FROM `phpmyadmin`
2024-03-06T15:24:54.087941Z	   94 Query	SELECT 1 FROM mysql.user LIMIT 1
2024-03-06T15:24:54.088736Z	   94 Query	SELECT CURRENT_USER()
2024-03-06T15:24:54.089391Z	   94 Query	SELECT 1 FROM (SELECT `GRANTEE`, `IS_GRANTABLE` FROM `INFORMATION_SCHEMA`.`COLUMN_PRIVILEGES` UNION SELECT `GRANTEE`, `IS_GRANTABLE` FROM `INFORMATION_SCHEMA`.`TABLE_PRIVILEGES` UNION SELECT `GRANTEE`, `IS_GRANTABLE` FROM `INFORMATION_SCHEMA`.`SCHEMA_PRIVILEGES` UNION SELECT `GRANTEE`, `IS_GRANTABLE` FROM `INFORMATION_SCHEMA`.`USER_PRIVILEGES`) t WHERE `IS_GRANTABLE` = 'YES' AND '''root''@''localhost''' LIKE `GRANTEE` LIMIT 1
2024-03-06T15:24:54.093924Z	   95 Quit	
2024-03-06T15:24:54.094002Z	   94 Quit	
2024-03-06T15:24:57.487327Z	   96 Connect	root@localhost on  using TCP/IP
2024-03-06T15:24:57.487711Z	   96 Query	SELECT @@version, @@version_comment
2024-03-06T15:24:57.488600Z	   96 Query	SET NAMES 'utf8mb4' COLLATE 'utf8mb4_general_ci'
2024-03-06T15:24:57.488852Z	   96 Query	SET lc_messages = 'en_US'
2024-03-06T15:24:57.492408Z	   97 Connect	root@localhost on  using TCP/IP
2024-03-06T15:24:57.499256Z	   97 Query	SHOW TABLES FROM `phpmyadmin`
2024-03-06T15:24:57.499978Z	   97 Query	SHOW TABLES FROM `themepark`
2024-03-06T15:24:57.505186Z	   96 Query	SET collation_connection = 'utf8mb4_unicode_ci'
2024-03-06T15:24:57.505770Z	   97 Query	SHOW TABLES FROM `phpmyadmin`
2024-03-06T15:24:57.506296Z	   97 Query	SHOW TABLES FROM `themepark`
2024-03-06T15:24:57.510769Z	   96 Query	SELECT CURRENT_USER()
2024-03-06T15:24:57.550140Z	   96 Query	SELECT 1 FROM mysql.user LIMIT 1
2024-03-06T15:24:57.551499Z	   96 Query	SHOW SESSION VARIABLES LIKE 'FOREIGN_KEY_CHECKS'
2024-03-06T15:24:57.559453Z	   96 Query	SELECT DATABASE()
2024-03-06T15:24:57.560689Z	   96 Init DB	themepark
2024-03-06T15:24:57.561904Z	   96 Query	SELECT * FROM `sales_line` LIMIT 0, 25
2024-03-06T15:24:57.712209Z	   96 Query	SELECT TABLE_NAME FROM information_schema.VIEWS WHERE TABLE_SCHEMA = 'themepark' AND TABLE_NAME = 'sales_line'
2024-03-06T15:24:57.714673Z	   96 Query	SELECT @@lower_case_table_names
2024-03-06T15:24:57.716400Z	   96 Query	SELECT *, `TABLE_SCHEMA`       AS `Db`, `TABLE_NAME`         AS `Name`, `TABLE_TYPE`         AS `TABLE_TYPE`, `ENGINE`             AS `Engine`, `ENGINE`             AS `Type`, `VERSION`            AS `Version`, `ROW_FORMAT`         AS `Row_format`, `TABLE_ROWS`         AS `Rows`, `AVG_ROW_LENGTH`     AS `Avg_row_length`, `DATA_LENGTH`        AS `Data_length`, `MAX_DATA_LENGTH`    AS `Max_data_length`, `INDEX_LENGTH`       AS `Index_length`, `DATA_FREE`          AS `Data_free`, `AUTO_INCREMENT`     AS `Auto_increment`, `CREATE_TIME`        AS `Create_time`, `UPDATE_TIME`        AS `Update_time`, `CHECK_TIME`         AS `Check_time`, `TABLE_COLLATION`    AS `Collation`, `CHECKSUM`           AS `Checksum`, `CREATE_OPTIONS`     AS `Create_options`, `TABLE_COMMENT`      AS `Comment` FROM `information_schema`.`TABLES` t WHERE `TABLE_SCHEMA`  IN ('themepark') AND t.`TABLE_NAME`  = 'sales_line' ORDER BY Name ASC
2024-03-06T15:24:57.719679Z	   96 Query	SELECT COUNT(*) FROM `themepark`.`sales_line`
2024-03-06T15:24:57.721420Z	   96 Query	SHOW WARNINGS
2024-03-06T15:24:57.723253Z	   96 Query	SELECT TABLE_NAME FROM information_schema.VIEWS WHERE TABLE_SCHEMA = 'themepark' AND TABLE_NAME = 'sales_line' AND IS_UPDATABLE = 'YES'
2024-03-06T15:24:57.725726Z	   96 Query	SHOW  COLUMNS FROM `themepark`.`sales_line`
2024-03-06T15:24:57.731289Z	   96 Query	SHOW INDEXES FROM `themepark`.`sales_line`
2024-03-06T15:24:57.743304Z	   96 Query	SHOW CREATE TABLE `themepark`.`sales_line`
2024-03-06T15:24:57.763705Z	   96 Query	SHOW FULL COLUMNS FROM `themepark`.`sales_line`
2024-03-06T15:24:57.881343Z	   96 Query	SHOW SESSION VARIABLES LIKE 'FOREIGN_KEY_CHECKS'
2024-03-06T15:24:57.885750Z	   96 Query	SHOW  COLUMNS FROM `themepark`.`sales_line`
2024-03-06T15:24:57.890172Z	   96 Query	SELECT 1 FROM (SELECT `GRANTEE`, `IS_GRANTABLE` FROM `INFORMATION_SCHEMA`.`COLUMN_PRIVILEGES` UNION SELECT `GRANTEE`, `IS_GRANTABLE` FROM `INFORMATION_SCHEMA`.`TABLE_PRIVILEGES` UNION SELECT `GRANTEE`, `IS_GRANTABLE` FROM `INFORMATION_SCHEMA`.`SCHEMA_PRIVILEGES` UNION SELECT `GRANTEE`, `IS_GRANTABLE` FROM `INFORMATION_SCHEMA`.`USER_PRIVILEGES`) t WHERE `IS_GRANTABLE` = 'YES' AND '''root''@''localhost''' LIKE `GRANTEE` LIMIT 1
2024-03-06T15:24:57.892300Z	   96 Query	SELECT `PRIVILEGE_TYPE` FROM `INFORMATION_SCHEMA`.`USER_PRIVILEGES` WHERE GRANTEE='''root''@''localhost''' AND PRIVILEGE_TYPE='TRIGGER'
2024-03-06T15:24:57.902163Z	   97 Quit	
2024-03-06T15:24:57.902294Z	   96 Quit	
2024-03-06T15:24:58.127870Z	   98 Connect	root@localhost on  using TCP/IP
2024-03-06T15:24:58.128292Z	   98 Query	SELECT @@version, @@version_comment
2024-03-06T15:24:58.128721Z	   98 Query	SET NAMES 'utf8mb4' COLLATE 'utf8mb4_general_ci'
2024-03-06T15:24:58.128976Z	   98 Query	SET lc_messages = 'en_US'
2024-03-06T15:24:58.132489Z	   99 Connect	root@localhost on  using TCP/IP
2024-03-06T15:24:58.139991Z	   99 Query	SHOW TABLES FROM `phpmyadmin`
2024-03-06T15:24:58.142271Z	   98 Query	SET collation_connection = 'utf8mb4_unicode_ci'
2024-03-06T15:24:58.142752Z	   99 Query	SHOW TABLES FROM `phpmyadmin`
2024-03-06T15:24:58.148093Z	   98 Query	SELECT 1 FROM mysql.user LIMIT 1
2024-03-06T15:24:58.148912Z	   98 Query	SELECT CURRENT_USER()
2024-03-06T15:24:58.149738Z	   98 Query	SELECT 1 FROM (SELECT `GRANTEE`, `IS_GRANTABLE` FROM `INFORMATION_SCHEMA`.`COLUMN_PRIVILEGES` UNION SELECT `GRANTEE`, `IS_GRANTABLE` FROM `INFORMATION_SCHEMA`.`TABLE_PRIVILEGES` UNION SELECT `GRANTEE`, `IS_GRANTABLE` FROM `INFORMATION_SCHEMA`.`SCHEMA_PRIVILEGES` UNION SELECT `GRANTEE`, `IS_GRANTABLE` FROM `INFORMATION_SCHEMA`.`USER_PRIVILEGES`) t WHERE `IS_GRANTABLE` = 'YES' AND '''root''@''localhost''' LIKE `GRANTEE` LIMIT 1
2024-03-06T15:24:58.155029Z	   99 Quit	
2024-03-06T15:24:58.155159Z	   98 Quit	
2024-03-06T15:29:09.443349Z	  100 Connect	root@localhost on  using TCP/IP
2024-03-06T15:29:09.443736Z	  100 Query	SELECT @@version, @@version_comment
2024-03-06T15:29:09.444813Z	  100 Query	SET NAMES 'utf8mb4' COLLATE 'utf8mb4_general_ci'
2024-03-06T15:29:09.445054Z	  100 Query	SET lc_messages = 'en_US'
2024-03-06T15:29:09.449228Z	  101 Connect	root@localhost on  using TCP/IP
2024-03-06T15:29:09.454121Z	  101 Query	SHOW TABLES FROM `phpmyadmin`
2024-03-06T15:29:09.454938Z	  101 Query	SHOW TABLES FROM `themepark`
2024-03-06T15:29:09.461707Z	  100 Query	SET collation_connection = 'utf8mb4_unicode_ci'
2024-03-06T15:29:09.462123Z	  101 Query	SHOW TABLES FROM `phpmyadmin`
2024-03-06T15:29:09.462504Z	  101 Query	SHOW TABLES FROM `themepark`
2024-03-06T15:29:09.466505Z	  100 Query	SELECT CURRENT_USER()
2024-03-06T15:29:09.488876Z	  100 Query	SELECT 1 FROM mysql.user LIMIT 1
2024-03-06T15:29:09.489944Z	  100 Query	SHOW SESSION VARIABLES LIKE 'FOREIGN_KEY_CHECKS'
2024-03-06T15:29:09.495219Z	  100 Query	SELECT DATABASE()
2024-03-06T15:29:09.495906Z	  100 Init DB	themepark
2024-03-06T15:29:09.496410Z	  100 Query	SELECT * FROM `sales_line` LIMIT 0, 25
2024-03-06T15:29:09.506149Z	  100 Query	SELECT TABLE_NAME FROM information_schema.VIEWS WHERE TABLE_SCHEMA = 'themepark' AND TABLE_NAME = 'sales_line'
2024-03-06T15:29:09.507929Z	  100 Query	SELECT @@lower_case_table_names
2024-03-06T15:29:09.509671Z	  100 Query	SELECT *, `TABLE_SCHEMA`       AS `Db`, `TABLE_NAME`         AS `Name`, `TABLE_TYPE`         AS `TABLE_TYPE`, `ENGINE`             AS `Engine`, `ENGINE`             AS `Type`, `VERSION`            AS `Version`, `ROW_FORMAT`         AS `Row_format`, `TABLE_ROWS`         AS `Rows`, `AVG_ROW_LENGTH`     AS `Avg_row_length`, `DATA_LENGTH`        AS `Data_length`, `MAX_DATA_LENGTH`    AS `Max_data_length`, `INDEX_LENGTH`       AS `Index_length`, `DATA_FREE`          AS `Data_free`, `AUTO_INCREMENT`     AS `Auto_increment`, `CREATE_TIME`        AS `Create_time`, `UPDATE_TIME`        AS `Update_time`, `CHECK_TIME`         AS `Check_time`, `TABLE_COLLATION`    AS `Collation`, `CHECKSUM`           AS `Checksum`, `CREATE_OPTIONS`     AS `Create_options`, `TABLE_COMMENT`      AS `Comment` FROM `information_schema`.`TABLES` t WHERE `TABLE_SCHEMA`  IN ('themepark') AND t.`TABLE_NAME`  = 'sales_line' ORDER BY Name ASC
2024-03-06T15:29:09.512038Z	  100 Query	SELECT COUNT(*) FROM `themepark`.`sales_line`
2024-03-06T15:29:09.513427Z	  100 Query	SHOW WARNINGS
2024-03-06T15:29:09.514979Z	  100 Query	SELECT TABLE_NAME FROM information_schema.VIEWS WHERE TABLE_SCHEMA = 'themepark' AND TABLE_NAME = 'sales_line' AND IS_UPDATABLE = 'YES'
2024-03-06T15:29:09.517160Z	  100 Query	SHOW  COLUMNS FROM `themepark`.`sales_line`
2024-03-06T15:29:09.519455Z	  100 Query	SHOW INDEXES FROM `themepark`.`sales_line`
2024-03-06T15:29:09.526849Z	  100 Query	SHOW CREATE TABLE `themepark`.`sales_line`
2024-03-06T15:29:09.538277Z	  100 Query	SHOW FULL COLUMNS FROM `themepark`.`sales_line`
2024-03-06T15:29:09.610881Z	  100 Query	SHOW SESSION VARIABLES LIKE 'FOREIGN_KEY_CHECKS'
2024-03-06T15:29:09.613476Z	  100 Query	SHOW  COLUMNS FROM `themepark`.`sales_line`
2024-03-06T15:29:09.616777Z	  100 Query	SELECT 1 FROM (SELECT `GRANTEE`, `IS_GRANTABLE` FROM `INFORMATION_SCHEMA`.`COLUMN_PRIVILEGES` UNION SELECT `GRANTEE`, `IS_GRANTABLE` FROM `INFORMATION_SCHEMA`.`TABLE_PRIVILEGES` UNION SELECT `GRANTEE`, `IS_GRANTABLE` FROM `INFORMATION_SCHEMA`.`SCHEMA_PRIVILEGES` UNION SELECT `GRANTEE`, `IS_GRANTABLE` FROM `INFORMATION_SCHEMA`.`USER_PRIVILEGES`) t WHERE `IS_GRANTABLE` = 'YES' AND '''root''@''localhost''' LIKE `GRANTEE` LIMIT 1
2024-03-06T15:29:09.618857Z	  100 Query	SELECT `PRIVILEGE_TYPE` FROM `INFORMATION_SCHEMA`.`USER_PRIVILEGES` WHERE GRANTEE='''root''@''localhost''' AND PRIVILEGE_TYPE='TRIGGER'
2024-03-06T15:29:09.624774Z	  101 Quit	
2024-03-06T15:29:09.624904Z	  100 Quit	
2024-03-06T15:29:09.764286Z	  102 Connect	root@localhost on  using TCP/IP
2024-03-06T15:29:09.764646Z	  102 Query	SELECT @@version, @@version_comment
2024-03-06T15:29:09.765003Z	  102 Query	SET NAMES 'utf8mb4' COLLATE 'utf8mb4_general_ci'
2024-03-06T15:29:09.765227Z	  102 Query	SET lc_messages = 'en_US'
2024-03-06T15:29:09.768448Z	  103 Connect	root@localhost on  using TCP/IP
2024-03-06T15:29:09.771551Z	  103 Query	SHOW TABLES FROM `phpmyadmin`
2024-03-06T15:29:09.772986Z	  102 Query	SET collation_connection = 'utf8mb4_unicode_ci'
2024-03-06T15:29:09.773496Z	  103 Query	SHOW TABLES FROM `phpmyadmin`
2024-03-06T15:29:09.777821Z	  102 Query	SELECT 1 FROM mysql.user LIMIT 1
2024-03-06T15:29:09.778335Z	  102 Query	SELECT CURRENT_USER()
2024-03-06T15:29:09.778807Z	  102 Query	SELECT 1 FROM (SELECT `GRANTEE`, `IS_GRANTABLE` FROM `INFORMATION_SCHEMA`.`COLUMN_PRIVILEGES` UNION SELECT `GRANTEE`, `IS_GRANTABLE` FROM `INFORMATION_SCHEMA`.`TABLE_PRIVILEGES` UNION SELECT `GRANTEE`, `IS_GRANTABLE` FROM `INFORMATION_SCHEMA`.`SCHEMA_PRIVILEGES` UNION SELECT `GRANTEE`, `IS_GRANTABLE` FROM `INFORMATION_SCHEMA`.`USER_PRIVILEGES`) t WHERE `IS_GRANTABLE` = 'YES' AND '''root''@''localhost''' LIKE `GRANTEE` LIMIT 1
2024-03-06T15:29:09.781883Z	  103 Quit	
2024-03-06T15:29:09.781994Z	  102 Quit	
2024-03-06T15:30:28.958632Z	   57 Query	select p.park_name, SUM(sl.line_price) as total_sales
from themepark p 
join sales s on p.park_code = s.park_code
 join sales_line sl on  s.transaction_no = sl.transaction_no
where p.park_country IN ('UK', 'FR')
group by p.park_code, p.park_name
2024-03-06T15:32:46.241400Z	   57 Query	select sale_date, line_qty, line_price 
from sales
natural join sales_line
where sale_date = '2007-05-18'
